<?xml version="1.0" encoding="UTF-8"?>
<!-- Generated by org.testng.reporters.JUnitReportReporter -->
<testsuite skipped="0" hostname="DESKTOP-4SC5RBR" name="priority1.VerifyMultipleQuickLinksTitle" tests="4" failures="0" timestamp="13 May 2018 19:31:27 GMT" time="7.989" errors="0">
  <testcase name="storeMultipleQuickLinksTitle" time="4.805" classname="priority1.VerifyMultipleQuickLinksTitle"/>
  <testcase name="storeMultipleQuickLinksTitle" time="1.580" classname="priority1.VerifyMultipleQuickLinksTitle"/>
  <testcase name="storeMultipleQuickLinksTitle" time="1.603" classname="priority1.VerifyMultipleQuickLinksTitle"/>
  <testcase name="verifyMultipleQuickLinksTitle" time="0.001" classname="priority1.VerifyMultipleQuickLinksTitle"/>
</testsuite> <!-- priority1.VerifyMultipleQuickLinksTitle -->
