<?xml version="1.0" encoding="UTF-8"?>
<!-- Generated by org.testng.reporters.JUnitReportReporter -->
<testsuite skipped="0" hostname="DESKTOP-4SC5RBR" name="priority1.ElementPresentOrNot" tests="1" failures="0" timestamp="18 May 2018 10:49:06 GMT" time="0.092" errors="0">
  <testcase name="landingPageTitleVerification" time="0.092" classname="priority1.ElementPresentOrNot"/>
</testsuite> <!-- priority1.ElementPresentOrNot -->
