<?xml version="1.0" encoding="UTF-8"?>
<!-- Generated by org.testng.reporters.JUnitReportReporter -->
<testsuite skipped="0" hostname="DESKTOP-4SC5RBR" name="priority1.ElementPresentOrNot" tests="1" failures="0" timestamp="07 Jun 2018 18:43:45 GMT" time="0.219" errors="0">
  <testcase name="landingPageTitleVerification" time="0.219" classname="priority1.ElementPresentOrNot"/>
</testsuite> <!-- priority1.ElementPresentOrNot -->
