<?xml version="1.0" encoding="UTF-8"?>
<!-- Generated by org.testng.reporters.JUnitReportReporter -->
<testsuite skipped="0" hostname="DESKTOP-4SC5RBR" name="priority1.LandingPageTitleVerification" tests="1" failures="0" timestamp="07 Jun 2018 19:59:49 GMT" time="0.120" errors="0">
  <testcase name="landingPageTitleVerification" time="0.120" classname="priority1.LandingPageTitleVerification"/>
</testsuite> <!-- priority1.LandingPageTitleVerification -->
