<?xml version="1.0" encoding="UTF-8"?>
<!-- Generated by org.testng.reporters.JUnitReportReporter -->
<testsuite skipped="0" hostname="DESKTOP-4SC5RBR" name="priority1.VerifyMultipleQuickLinksTitle" tests="4" failures="0" timestamp="07 Jun 2018 18:43:45 GMT" time="11.884" errors="0">
  <testcase name="verifyMultipleQuickLinksTitle" time="0.001" classname="priority1.VerifyMultipleQuickLinksTitle"/>
  <testcase name="storeMultipleQuickLinksTitle" time="2.345" classname="priority1.VerifyMultipleQuickLinksTitle"/>
  <testcase name="storeMultipleQuickLinksTitle" time="6.543" classname="priority1.VerifyMultipleQuickLinksTitle"/>
  <testcase name="storeMultipleQuickLinksTitle" time="2.995" classname="priority1.VerifyMultipleQuickLinksTitle"/>
</testsuite> <!-- priority1.VerifyMultipleQuickLinksTitle -->
