<?xml version="1.0" encoding="UTF-8"?>
<!-- Generated by org.testng.reporters.JUnitReportReporter -->
<testsuite skipped="0" hostname="DESKTOP-4SC5RBR" name="priority1.VerifyMultipleQuickLinksTitle" tests="4" failures="0" timestamp="12 May 2018 20:30:23 GMT" time="9.761" errors="0">
  <testcase name="storeMultipleQuickLinksTitle" time="2.107" classname="priority1.VerifyMultipleQuickLinksTitle"/>
  <testcase name="verifyMultipleQuickLinksTitle" time="0.003" classname="priority1.VerifyMultipleQuickLinksTitle"/>
  <testcase name="storeMultipleQuickLinksTitle" time="6.140" classname="priority1.VerifyMultipleQuickLinksTitle"/>
  <testcase name="storeMultipleQuickLinksTitle" time="1.511" classname="priority1.VerifyMultipleQuickLinksTitle"/>
</testsuite> <!-- priority1.VerifyMultipleQuickLinksTitle -->
