<?xml version="1.0" encoding="UTF-8"?>
<!-- Generated by org.testng.reporters.JUnitReportReporter -->
<testsuite skipped="0" hostname="DESKTOP-4SC5RBR" name="priority1.VerifyMultipleQuickLinksTitle" tests="4" failures="0" timestamp="14 May 2018 07:17:33 GMT" time="8.033" errors="0">
  <testcase name="storeMultipleQuickLinksTitle" time="4.835" classname="priority1.VerifyMultipleQuickLinksTitle"/>
  <testcase name="storeMultipleQuickLinksTitle" time="1.688" classname="priority1.VerifyMultipleQuickLinksTitle"/>
  <testcase name="verifyMultipleQuickLinksTitle" time="0.002" classname="priority1.VerifyMultipleQuickLinksTitle"/>
  <testcase name="storeMultipleQuickLinksTitle" time="1.508" classname="priority1.VerifyMultipleQuickLinksTitle"/>
</testsuite> <!-- priority1.VerifyMultipleQuickLinksTitle -->
